<?xml version="1.0" encoding="UTF-8"?>
<!-- Generated by org.testng.reporters.JUnitReportReporter -->
<testsuite hostname="LAPTOP-ORI8JR52" failures="0" tests="1" name="com.parabank.qa.testcases.WelcomePageTest" time="28.671" errors="0" timestamp="2020-01-17T21:45:30 IST" skipped="0">
  <testcase classname="com.parabank.qa.testcases.WelcomePageTest" name="userLoginSuccessfullyVerification" time="28.671"/>
</testsuite> <!-- com.parabank.qa.testcases.WelcomePageTest -->
