<?xml version="1.0" encoding="UTF-8"?>
<!-- Generated by org.testng.reporters.JUnitReportReporter -->
<testsuite hostname="LAPTOP-ORI8JR52" failures="0" tests="4" name="com.parabank.qa.testcases.RegisterPageTest" time="68.022" errors="0" timestamp="2020-01-17T00:01:52 IST" skipped="0">
  <testcase classname="com.parabank.qa.testcases.RegisterPageTest" name="differentCostumerRegistration" time="19.781"/>
  <testcase classname="com.parabank.qa.testcases.RegisterPageTest" name="differentCostumerRegistration" time="16.446"/>
  <testcase classname="com.parabank.qa.testcases.RegisterPageTest" name="differentCostumerRegistration" time="15.896"/>
  <testcase classname="com.parabank.qa.testcases.RegisterPageTest" name="differentCostumerRegistration" time="15.899"/>
</testsuite> <!-- com.parabank.qa.testcases.RegisterPageTest -->
