<?xml version="1.0" encoding="UTF-8"?>
<!-- Generated by org.testng.reporters.JUnitReportReporter -->
<testsuite skipped="0" hostname="LAPTOP-ORI8JR52" name="com.guru99Bank.qa.testcase.LoginPageTest" tests="1" failures="0" timestamp="2020-02-08T23:22:24 IST" time="25.776" errors="0">
  <testcase name="verifyUserLoginSuccessfully" time="25.776" classname="com.guru99Bank.qa.testcase.LoginPageTest"/>
</testsuite> <!-- com.guru99Bank.qa.testcase.LoginPageTest -->
