<?xml version="1.0" encoding="UTF-8"?>
<!-- Generated by org.testng.reporters.JUnitReportReporter -->
<testsuite hostname="LAPTOP-ORI8JR52" failures="0" tests="1" name="com.guru99Bank.qa.testcase.LoginPageTest" time="21.934" errors="0" timestamp="07 Feb 2020 17:43:00 GMT" skipped="0">
  <testcase classname="com.guru99Bank.qa.testcase.LoginPageTest" name="verifyUserLoginSuccessfully" time="21.934"/>
</testsuite> <!-- com.guru99Bank.qa.testcase.LoginPageTest -->
