<?xml version="1.0" encoding="UTF-8"?>
<!-- Generated by org.testng.reporters.JUnitReportReporter -->
<testsuite skipped="0" hostname="LAPTOP-ORI8JR52" name="com.guru99Bank.qa.testcase.HomePageTest" tests="2" failures="0" timestamp="2020-02-08T23:22:24 IST" time="39.599" errors="0">
  <testcase name="verifyWelcomePage" time="18.355" classname="com.guru99Bank.qa.testcase.HomePageTest"/>
  <testcase name="verifyManagerId" time="21.244" classname="com.guru99Bank.qa.testcase.HomePageTest"/>
</testsuite> <!-- com.guru99Bank.qa.testcase.HomePageTest -->
