<?xml version="1.0" encoding="UTF-8"?>
<!-- Generated by org.testng.reporters.JUnitReportReporter -->
<testsuite skipped="0" hostname="LAPTOP-ORI8JR52" name="com.guru99Bank.qa.testcase.LoginPageTest" tests="1" failures="0" timestamp="2020-04-04T17:28:52 IST" time="28.961" errors="0">
  <testcase name="verifyUserLoginSuccessfully" time="28.961" classname="com.guru99Bank.qa.testcase.LoginPageTest"/>
</testsuite> <!-- com.guru99Bank.qa.testcase.LoginPageTest -->
