<?xml version="1.0" encoding="UTF-8"?>
<!-- Generated by org.testng.reporters.JUnitReportReporter -->
<testsuite hostname="LAPTOP-ORI8JR52" failures="0" tests="1" name="com.guru99Bank.qa.testcase.NewCostumerTest" time="17.811" errors="0" timestamp="22 Jan 2020 17:00:23 GMT" skipped="0">
  <testcase classname="com.guru99Bank.qa.testcase.NewCostumerTest" name="verifyCostumerNameFieldLength" time="17.811"/>
</testsuite> <!-- com.guru99Bank.qa.testcase.NewCostumerTest -->
