<?xml version="1.0" encoding="UTF-8"?>
<!-- Generated by org.testng.reporters.JUnitReportReporter -->
<testsuite skipped="0" hostname="LAPTOP-ORI8JR52" name="com.guru99Bank.qa.testcase.LoginPageTest" tests="1" failures="0" timestamp="2020-04-05T15:36:45 IST" time="32.681" errors="0">
  <testcase name="verifyUserLoginSuccessfully" time="32.681" classname="com.guru99Bank.qa.testcase.LoginPageTest"/>
</testsuite> <!-- com.guru99Bank.qa.testcase.LoginPageTest -->
