<?xml version="1.0" encoding="UTF-8"?>
<!-- Generated by org.testng.reporters.JUnitReportReporter -->
<testsuite hostname="LAPTOP-ORI8JR52" failures="0" tests="2" name="com.guru99Bank.qa.testcase.HomePageTest" time="33.051" errors="0" timestamp="19 Jan 2020 11:04:14 GMT" skipped="0">
  <testcase classname="com.guru99Bank.qa.testcase.HomePageTest" name="verifyWelcomePage" time="15.019"/>
  <testcase classname="com.guru99Bank.qa.testcase.HomePageTest" name="verifyManagerId" time="18.032"/>
</testsuite> <!-- com.guru99Bank.qa.testcase.HomePageTest -->
